<?xml version="1.0" encoding="UTF-8"?>
<testng-results skipped="0" failed="1" total="5" passed="4">
  <reporter-output>
  </reporter-output>
  <suite name="Default suite" duration-ms="39480" started-at="2016-04-20T02:27:06Z" finished-at="2016-04-20T02:27:46Z">
    <groups>
    </groups>
    <test name="Default test" duration-ms="39480" started-at="2016-04-20T02:27:06Z" finished-at="2016-04-20T02:27:46Z">
      <class name="com.flipkart.automation.tests.Sanity">
        <test-method status="FAIL" signature="autTC01()[pri:0, instance:com.flipkart.automation.tests.Sanity@dbc5d3]" name="autTC01" duration-ms="39405" started-at="2016-04-20T07:57:06Z" finished-at="2016-04-20T07:57:46Z">
          <exception class="java.lang.AssertionError">
            <message>
              <![CDATA[expected [Mobiles - Buy Mobiles Online at Best Prices in India.] but found [Online Shopping India Mobile, Cameras, Lifestyle & more Online @ Flipkart.com]]]>
            </message>
            <full-stacktrace>
              <![CDATA[java.lang.AssertionError: expected [Mobiles - Buy Mobiles Online at Best Prices in India.] but found [Online Shopping India Mobile, Cameras, Lifestyle & more Online @ Flipkart.com]
	at org.testng.Assert.fail(Assert.java:94)
	at org.testng.Assert.failNotEquals(Assert.java:494)
	at org.testng.Assert.assertEquals(Assert.java:123)
	at org.testng.Assert.assertEquals(Assert.java:176)
	at org.testng.Assert.assertEquals(Assert.java:186)
	at com.flipkart.automation.pages.Flipkart.verifyTitle(Flipkart.java:57)
	at com.flipkart.automation.tests.Sanity.autTC01(Sanity.java:30)
	at sun.reflect.NativeMethodAccessorImpl.invoke0(Native Method)
	at sun.reflect.NativeMethodAccessorImpl.invoke(Unknown Source)
	at sun.reflect.DelegatingMethodAccessorImpl.invoke(Unknown Source)
	at java.lang.reflect.Method.invoke(Unknown Source)
	at org.testng.internal.MethodInvocationHelper.invokeMethod(MethodInvocationHelper.java:80)
	at org.testng.internal.Invoker.invokeMethod(Invoker.java:714)
	at org.testng.internal.Invoker.invokeTestMethod(Invoker.java:901)
	at org.testng.internal.Invoker.invokeTestMethods(Invoker.java:1231)
	at org.testng.internal.TestMethodWorker.invokeTestMethods(TestMethodWorker.java:127)
	at org.testng.internal.TestMethodWorker.run(TestMethodWorker.java:111)
	at org.testng.TestRunner.privateRun(TestRunner.java:767)
	at org.testng.TestRunner.run(TestRunner.java:617)
	at org.testng.SuiteRunner.runTest(SuiteRunner.java:334)
	at org.testng.SuiteRunner.runSequentially(SuiteRunner.java:329)
	at org.testng.SuiteRunner.privateRun(SuiteRunner.java:291)
	at org.testng.SuiteRunner.run(SuiteRunner.java:240)
	at org.testng.SuiteRunnerWorker.runSuite(SuiteRunnerWorker.java:52)
	at org.testng.SuiteRunnerWorker.run(SuiteRunnerWorker.java:86)
	at org.testng.TestNG.runSuitesSequentially(TestNG.java:1198)
	at org.testng.TestNG.runSuitesLocally(TestNG.java:1123)
	at org.testng.TestNG.run(TestNG.java:1031)
	at org.testng.remote.RemoteTestNG.run(RemoteTestNG.java:115)
	at org.testng.remote.RemoteTestNG.initAndRun(RemoteTestNG.java:207)
	at org.testng.remote.RemoteTestNG.main(RemoteTestNG.java:178)
]]>
            </full-stacktrace>
          </exception> <!-- java.lang.AssertionError -->
          <reporter-output>
          </reporter-output>
        </test-method> <!-- autTC01 -->
        <test-method status="PASS" signature="autTC02()[pri:0, instance:com.flipkart.automation.tests.Sanity@dbc5d3]" name="autTC02" duration-ms="1" started-at="2016-04-20T07:57:46Z" finished-at="2016-04-20T07:57:46Z">
          <reporter-output>
          </reporter-output>
        </test-method> <!-- autTC02 -->
        <test-method status="PASS" signature="autTC03()[pri:0, instance:com.flipkart.automation.tests.Sanity@dbc5d3]" name="autTC03" duration-ms="1" started-at="2016-04-20T07:57:46Z" finished-at="2016-04-20T07:57:46Z">
          <reporter-output>
          </reporter-output>
        </test-method> <!-- autTC03 -->
        <test-method status="PASS" signature="autTC04()[pri:0, instance:com.flipkart.automation.tests.Sanity@dbc5d3]" name="autTC04" duration-ms="2" started-at="2016-04-20T07:57:46Z" finished-at="2016-04-20T07:57:46Z">
          <reporter-output>
          </reporter-output>
        </test-method> <!-- autTC04 -->
        <test-method status="PASS" signature="autTC05()[pri:0, instance:com.flipkart.automation.tests.Sanity@dbc5d3]" name="autTC05" duration-ms="1" started-at="2016-04-20T07:57:46Z" finished-at="2016-04-20T07:57:46Z">
          <reporter-output>
          </reporter-output>
        </test-method> <!-- autTC05 -->
      </class> <!-- com.flipkart.automation.tests.Sanity -->
    </test> <!-- Default test -->
  </suite> <!-- Default suite -->
</testng-results>
